[debug] [2025-08-28T17:00:53.066Z] ----------------------------------------------------------------------
[debug] [2025-08-28T17:00:53.069Z] Command:       C:\Program Files\nodejs\node.exe C:\Users\noa.atias\AppData\Roaming\npm\node_modules\firebase-tools\lib\bin\firebase.js init hosting
[debug] [2025-08-28T17:00:53.069Z] CLI Version:   14.15.0
[debug] [2025-08-28T17:00:53.069Z] Platform:      win32
[debug] [2025-08-28T17:00:53.070Z] Node Version:  v22.18.0
[debug] [2025-08-28T17:00:53.070Z] Time:          Thu Aug 28 2025 20:00:53 GMT+0300 (Eastern European Summer Time)
[debug] [2025-08-28T17:00:53.070Z] ----------------------------------------------------------------------
[debug] 
[debug] [2025-08-28T17:00:53.075Z] > command requires scopes: ["email","openid","https://www.googleapis.com/auth/cloudplatformprojects.readonly","https://www.googleapis.com/auth/firebase","https://www.googleapis.com/auth/cloud-platform"]
[debug] [2025-08-28T17:00:53.076Z] > authorizing via signed-in user (noatias12@gmail.com)
[info] 
     ######## #### ########  ######## ########     ###     ######  ########
     ##        ##  ##     ## ##       ##     ##  ##   ##  ##       ##
     ######    ##  ########  ######   ########  #########  ######  ######
     ##        ##  ##    ##  ##       ##     ## ##     ##       ## ##
     ##       #### ##     ## ######## ########  ##     ##  ######  ########

You're about to initialize a Firebase project in this directory:

  C:\Users\noa.atias\OneDrive - abra-IT\Desktop\פרוייקטים\BillBuddy

[info] 
=== Project Setup
[info] 
[info] First, let's associate this project directory with a Firebase project.
[info] You can create multiple project aliases by running firebase use --add, 
[info] but for now we'll just set up a default project.
[info] 
[debug] [2025-08-28T17:01:45.691Z] Checked if tokens are valid: true, expires at: 1756404018250
[debug] [2025-08-28T17:01:45.691Z] Checked if tokens are valid: true, expires at: 1756404018250
[debug] [2025-08-28T17:01:45.693Z] >>> [apiv2][query] GET https://firebase.googleapis.com/v1beta1/projects pageSize=100
[debug] [2025-08-28T17:01:46.237Z] <<< [apiv2][status] GET https://firebase.googleapis.com/v1beta1/projects 200
[debug] [2025-08-28T17:01:46.237Z] <<< [apiv2][body] GET https://firebase.googleapis.com/v1beta1/projects [omitted]
[info] i  Using project billbuddy-882f2 (BillBuddy) 
[info] 
=== Hosting Setup
[debug] [2025-08-28T17:01:48.817Z] Checked if tokens are valid: true, expires at: 1756404018250
[debug] [2025-08-28T17:01:48.817Z] Checked if tokens are valid: true, expires at: 1756404018250
[debug] [2025-08-28T17:01:48.818Z] >>> [apiv2][query] GET https://firebase.googleapis.com/v1beta1/projects/billbuddy-882f2 [none]
[debug] [2025-08-28T17:01:49.120Z] <<< [apiv2][status] GET https://firebase.googleapis.com/v1beta1/projects/billbuddy-882f2 200
[debug] [2025-08-28T17:01:49.120Z] <<< [apiv2][body] GET https://firebase.googleapis.com/v1beta1/projects/billbuddy-882f2 {"projectId":"billbuddy-882f2","projectNumber":"916650114867","displayName":"BillBuddy","name":"projects/billbuddy-882f2","resources":{"hostingSite":"billbuddy-882f2"},"state":"ACTIVE","etag":"1_ab61efe2-d03b-4527-92b6-14d7da1a4809"}
[info] 
[info] Your public directory is the folder (relative to your project directory) that
[info] will contain Hosting assets to be uploaded with firebase deploy. If you
[info] have a build process for your assets, use your build's output directory.
[info] 
[debug] [2025-08-28T17:07:58.389Z] ExitPromptError: User force closed the prompt with SIGINT
    at Interface.sigint (C:\Users\noa.atias\AppData\Roaming\npm\node_modules\firebase-tools\node_modules\@inquirer\core\dist\commonjs\lib\create-prompt.js:101:37)
    at Interface.emit (node:events:518:28)
    at Interface.emit (node:domain:489:12)
    at [_ttyWrite] [as _ttyWrite] (node:internal/readline/interface:1132:18)
    at ReadStream.onkeypress (node:internal/readline/interface:271:20)
    at ReadStream.emit (node:events:530:35)
    at ReadStream.emit (node:domain:489:12)
    at emitKeys (node:internal/readline/utils:370:14)
    at emitKeys.next (<anonymous>)
    at ReadStream.onData (node:internal/readline/emitKeypressEvents:64:36)
[error] 
[error] Error: An unexpected error has occurred.
